# JRE version: Java(TM) SE Runtime Environment (24.0+36) (build 24+36-3646)
# Java VM: Java HotSpot(TM) 64-Bit Server VM (24+36-3646, mixed mode, sharing, tiered, compressed oops, compressed class ptrs, g1 gc, windows-amd64)
GC Precious Log:
 CardTable entry size: 512
 Card Set container configuration: InlinePtr #cards 5 size 8 Array Of Cards #cards 10 size 36 Howl #buckets 4 coarsen threshold 1843 Howl Bitmap #cards 512 size 80 coarsen threshold 460 Card regions per heap region 1 cards per card region 2048
 CPUs: 6 total, 6 available
 Memory: 7876M
 Large Page Support: Disabled
 NUMA Support: Disabled
 Compressed Oops: Enabled (32-bit)
 Heap Region Size: 1M
 Heap Min Capacity: 8M
 Heap Initial Capacity: 124M
 Heap Max Capacity: 1970M
 Pre-touch: Disabled
 Parallel Workers: 6
 Concurrent Workers: 2
 Concurrent Refinement Workers: 6
 Periodic GC: Disabled
Heap:
 garbage-first heap   total reserved 2017280K, committed 137216K, used 102097K [0x0000000084e00000, 0x0000000100000000)
  region size 1024K, 66 young (67584K), 3 survivors (3072K)
 Metaspace       used 86726K, committed 87360K, reserved 1179648K
  class space    used 9452K, committed 9792K, reserved 1048576K
GC Heap History (20 events):
Event: 2146.993 GC heap before
{Heap before GC invocations=33 (full 0):
 garbage-first heap   total reserved 2017280K, committed 160768K, used 137945K [0x0000000084e00000, 0x0000000100000000)
  region size 1024K, 93 young (95232K), 3 survivors (3072K)
 Metaspace       used 86350K, committed 87040K, reserved 1179648K
  class space    used 9452K, committed 9792K, reserved 1048576K
}
Event: 2147.003 GC heap after
{Heap after GC invocations=34 (full 0):
 garbage-first heap   total reserved 2017280K, committed 160768K, used 46818K [0x0000000084e00000, 0x0000000100000000)
  region size 1024K, 3 young (3072K), 3 survivors (3072K)
 Metaspace       used 86350K, committed 87040K, reserved 1179648K
  class space    used 9452K, committed 9792K, reserved 1048576K
}
Event: 2260.937 GC heap before
{Heap before GC invocations=34 (full 0):
 garbage-first heap   total reserved 2017280K, committed 160768K, used 138978K [0x0000000084e00000, 0x0000000100000000)
  region size 1024K, 94 young (96256K), 3 survivors (3072K)
 Metaspace       used 86666K, committed 87296K, reserved 1179648K
  class space    used 9452K, committed 9792K, reserved 1048576K
}
Event: 2261.023 GC heap after
{Heap after GC invocations=35 (full 0):
 garbage-first heap   total reserved 2017280K, committed 160768K, used 41954K [0x0000000084e00000, 0x0000000100000000)
  region size 1024K, 3 young (3072K), 3 survivors (3072K)
 Metaspace       used 86666K, committed 87296K, reserved 1179648K
  class space    used 9452K, committed 9792K, reserved 1048576K
}
Event: 2265.991 GC heap before
{Heap before GC invocations=35 (full 0):
 garbage-first heap   total reserved 2017280K, committed 160768K, used 134114K [0x0000000084e00000, 0x0000000100000000)
  region size 1024K, 94 young (96256K), 3 survivors (3072K)
 Metaspace       used 86707K, committed 87360K, reserved 1179648K
  class space    used 9452K, committed 9792K, reserved 1048576K
}
Event: 2266.024 GC heap after
{Heap after GC invocations=36 (full 0):
 garbage-first heap   total reserved 2017280K, committed 160768K, used 41817K [0x0000000084e00000, 0x0000000100000000)
  region size 1024K, 3 young (3072K), 3 survivors (3072K)
 Metaspace       used 86707K, committed 87360K, reserved 1179648K
  class space    used 9452K, committed 9792K, reserved 1048576K
}
Event: 2268.992 GC heap before
{Heap before GC invocations=37 (full 0):
 garbage-first heap   total reserved 2017280K, committed 147456K, used 125785K [0x0000000084e00000, 0x0000000100000000)
  region size 1024K, 86 young (88064K), 3 survivors (3072K)
 Metaspace       used 86714K, committed 87360K, reserved 1179648K
  class space    used 9452K, committed 9792K, reserved 1048576K
}
Event: 2269.009 GC heap after
{Heap after GC invocations=38 (full 0):
 garbage-first heap   total reserved 2017280K, committed 147456K, used 41951K [0x0000000084e00000, 0x0000000100000000)
  region size 1024K, 3 young (3072K), 3 survivors (3072K)
 Metaspace       used 86714K, committed 87360K, reserved 1179648K
  class space    used 9452K, committed 9792K, reserved 1048576K
}
Event: 2271.136 GC heap before
{Heap before GC invocations=38 (full 0):
 garbage-first heap   total reserved 2017280K, committed 147456K, used 125919K [0x0000000084e00000, 0x0000000100000000)
  region size 1024K, 86 young (88064K), 3 survivors (3072K)
 Metaspace       used 86726K, committed 87360K, reserved 1179648K
  class space    used 9452K, committed 9792K, reserved 1048576K
}
Event: 2271.148 GC heap after
{Heap after GC invocations=39 (full 0):
 garbage-first heap   total reserved 2017280K, committed 147456K, used 40189K [0x0000000084e00000, 0x0000000100000000)
  region size 1024K, 3 young (3072K), 3 survivors (3072K)
 Metaspace       used 86726K, committed 87360K, reserved 1179648K
  class space    used 9452K, committed 9792K, reserved 1048576K
}
Event: 2273.393 GC heap before
{Heap before GC invocations=39 (full 0):
 garbage-first heap   total reserved 2017280K, committed 147456K, used 124157K [0x0000000084e00000, 0x0000000100000000)
  region size 1024K, 86 young (88064K), 3 survivors (3072K)
 Metaspace       used 86726K, committed 87360K, reserved 1179648K
  class space    used 9452K, committed 9792K, reserved 1048576K
}
Event: 2273.398 GC heap after
{Heap after GC invocations=40 (full 0):
 garbage-first heap   total reserved 2017280K, committed 147456K, used 40333K [0x0000000084e00000, 0x0000000100000000)
  region size 1024K, 3 young (3072K), 3 survivors (3072K)
 Metaspace       used 86726K, committed 87360K, reserved 1179648K
  class space    used 9452K, committed 9792K, reserved 1048576K
}
Event: 2275.592 GC heap before
{Heap before GC invocations=41 (full 0):
 garbage-first heap   total reserved 2017280K, committed 140288K, used 120205K [0x0000000084e00000, 0x0000000100000000)
  region size 1024K, 82 young (83968K), 3 survivors (3072K)
 Metaspace       used 86726K, committed 87360K, reserved 1179648K
  class space    used 9452K, committed 9792K, reserved 1048576K
}
Event: 2275.601 GC heap after
{Heap after GC invocations=42 (full 0):
 garbage-first heap   total reserved 2017280K, committed 140288K, used 40347K [0x0000000084e00000, 0x0000000100000000)
  region size 1024K, 3 young (3072K), 3 survivors (3072K)
 Metaspace       used 86726K, committed 87360K, reserved 1179648K
  class space    used 9452K, committed 9792K, reserved 1048576K
}
Event: 2277.418 GC heap before
{Heap before GC invocations=42 (full 0):
 garbage-first heap   total reserved 2017280K, committed 140288K, used 120219K [0x0000000084e00000, 0x0000000100000000)
  region size 1024K, 82 young (83968K), 3 survivors (3072K)
 Metaspace       used 86726K, committed 87360K, reserved 1179648K
  class space    used 9452K, committed 9792K, reserved 1048576K
}
Event: 2277.429 GC heap after
{Heap after GC invocations=43 (full 0):
 garbage-first heap   total reserved 2017280K, committed 140288K, used 39691K [0x0000000084e00000, 0x0000000100000000)
  region size 1024K, 3 young (3072K), 3 survivors (3072K)
 Metaspace       used 86726K, committed 87360K, reserved 1179648K
  class space    used 9452K, committed 9792K, reserved 1048576K
}
Event: 2279.142 GC heap before
{Heap before GC invocations=43 (full 0):
 garbage-first heap   total reserved 2017280K, committed 140288K, used 119563K [0x0000000084e00000, 0x0000000100000000)
  region size 1024K, 82 young (83968K), 3 survivors (3072K)
 Metaspace       used 86726K, committed 87360K, reserved 1179648K
  class space    used 9452K, committed 9792K, reserved 1048576K
}
Event: 2279.147 GC heap after
{Heap after GC invocations=44 (full 0):
 garbage-first heap   total reserved 2017280K, committed 140288K, used 39346K [0x0000000084e00000, 0x0000000100000000)
  region size 1024K, 3 young (3072K), 3 survivors (3072K)
 Metaspace       used 86726K, committed 87360K, reserved 1179648K
  class space    used 9452K, committed 9792K, reserved 1048576K
}
Event: 2281.001 GC heap before
{Heap before GC invocations=45 (full 0):
 garbage-first heap   total reserved 2017280K, committed 137216K, used 117170K [0x0000000084e00000, 0x0000000100000000)
  region size 1024K, 80 young (81920K), 3 survivors (3072K)
 Metaspace       used 86726K, committed 87360K, reserved 1179648K
  class space    used 9452K, committed 9792K, reserved 1048576K
}
Event: 2281.008 GC heap after
{Heap after GC invocations=46 (full 0):
 garbage-first heap   total reserved 2017280K, committed 137216K, used 39633K [0x0000000084e00000, 0x0000000100000000)
  region size 1024K, 3 young (3072K), 3 survivors (3072K)
 Metaspace       used 86726K, committed 87360K, reserved 1179648K
  class space    used 9452K, committed 9792K, reserved 1048576K
}

